<?xml version="1.0" encoding="UTF-8"?>
<testsuite name="com.myAit.tests.CareerConsultationTests" tests="1" skipped="0" failures="0" errors="0" timestamp="2025-11-13T11:40:49.066Z" hostname="ALEX" time="12.108">
  <properties/>
  <testcase name="AccountingPageSessionStorageAndButtonsTest" classname="com.myAit.tests.CareerConsultationTests" time="12.108"/>
  <system-out><![CDATA[12:40:49.064 [Test worker] INFO  com.myAit.core.TestBase -- ▶ START test: AccountingPageSessionStorageAndButtonsTest with data: []
Текущий URL: https://www.my-ait.com/career-consultation
sessionStorage param_1: value_1
sessionStorage param_2: value_2
Текущий URL: https://www.my-ait.com/career-consultation
sessionStorage param_1: value_1
sessionStorage param_2: value_2
Текущий URL: https://www.my-ait.com/career-consultation
sessionStorage param_1: value_1
sessionStorage param_2: value_2
Текущий URL: https://www.my-ait.com/career-consultation
sessionStorage param_1: value_1
sessionStorage param_2: value_2
Текущий URL: https://www.my-ait.com/career-consultation
sessionStorage param_1: value_1
sessionStorage param_2: value_2
Текущий URL: https://www.my-ait.com/career-consultation
sessionStorage param_1: value_1
sessionStorage param_2: value_2
Текущий URL: https://www.my-ait.com/career-consultation
sessionStorage param_1: value_1
sessionStorage param_2: value_2
12:41:01.174 [Test worker] INFO  com.myAit.core.TestBase -- PASSED: AccountingPageSessionStorageAndButtonsTest
12:41:01.174 [Test worker] INFO  com.myAit.core.TestBase -- ──────────────────────────────────────────────
]]></system-out>
  <system-err><![CDATA[]]></system-err>
</testsuite>
