12:02:28.497 [Test worker] INFO  i.g.bonigarcia.wdm.WebDriverManager -- Using chromedriver 142.0.7444.162 (resolved driver for Chrome 142)
12:02:28.538 [Test worker] INFO  i.g.bonigarcia.wdm.WebDriverManager -- Exporting webdriver.chrome.driver as C:\Users\gorlu\.cache\selenium\chromedriver\win64\142.0.7444.162\chromedriver.exe
12:02:30.541 [Test worker] INFO  com.myAit.core.TestBase -- Start test allButtonsOnItPageLeadsToCareerConsultationPageTest with data: []
12:02:32.593 [Test worker] ERROR com.myAit.core.TestBase -- FAILED: allButtonsOnItPageLeadsToCareerConsultationPageTest
12:02:32.593 [Test worker] INFO  com.myAit.core.TestBase -- Stop test
12:02:32.595 [Test worker] INFO  com.myAit.core.TestBase -- **************************************************
12:02:32.604 [Test worker] INFO  com.myAit.core.TestBase -- Start test allButtonsOnAccountingPageLeedsToCareerConsultationPageTest with data: []
12:02:32.624 [Test worker] ERROR com.myAit.core.TestBase -- FAILED: allButtonsOnAccountingPageLeedsToCareerConsultationPageTest
12:02:32.624 [Test worker] INFO  com.myAit.core.TestBase -- Stop test
12:02:32.624 [Test worker] INFO  com.myAit.core.TestBase -- **************************************************
