12:14:57.426 [Test worker] INFO  i.g.bonigarcia.wdm.WebDriverManager -- Using chromedriver 142.0.7444.162 (resolved driver for Chrome 142)
12:14:57.457 [Test worker] INFO  i.g.bonigarcia.wdm.WebDriverManager -- Exporting webdriver.chrome.driver as C:\Users\gorlu\.cache\selenium\chromedriver\win64\142.0.7444.162\chromedriver.exe
12:14:59.040 [Test worker] INFO  com.myAit.core.TestBase -- Start test allButtonsOnItPageLeadsToCareerConsultationPageTest with data: []
12:15:00.521 [Test worker] ERROR com.myAit.core.TestBase -- FAILED: allButtonsOnItPageLeadsToCareerConsultationPageTest
12:15:00.521 [Test worker] INFO  com.myAit.core.TestBase -- Stop test
12:15:00.521 [Test worker] INFO  com.myAit.core.TestBase -- **************************************************
12:15:00.534 [Test worker] INFO  com.myAit.core.TestBase -- Start test allButtonsOnAccountingPageLeedsToCareerConsultationPageTest with data: []
12:15:00.539 [Test worker] ERROR com.myAit.core.TestBase -- FAILED: allButtonsOnAccountingPageLeedsToCareerConsultationPageTest
12:15:00.542 [Test worker] INFO  com.myAit.core.TestBase -- Stop test
12:15:00.542 [Test worker] INFO  com.myAit.core.TestBase -- **************************************************
