12:03:43.372 [Test worker] INFO  i.g.bonigarcia.wdm.WebDriverManager -- Using chromedriver 142.0.7444.162 (resolved driver for Chrome 142)
12:03:43.402 [Test worker] INFO  i.g.bonigarcia.wdm.WebDriverManager -- Exporting webdriver.chrome.driver as C:\Users\gorlu\.cache\selenium\chromedriver\win64\142.0.7444.162\chromedriver.exe
12:03:45.115 [Test worker] INFO  com.myAit.core.TestBase -- Start test allButtonsOnItPageLeadsToCareerConsultationPageTest with data: []
12:03:46.489 [Test worker] ERROR com.myAit.core.TestBase -- FAILED: allButtonsOnItPageLeadsToCareerConsultationPageTest
12:03:46.495 [Test worker] INFO  com.myAit.core.TestBase -- Stop test
12:03:46.497 [Test worker] INFO  com.myAit.core.TestBase -- **************************************************
12:03:46.505 [Test worker] INFO  com.myAit.core.TestBase -- Start test allButtonsOnAccountingPageLeedsToCareerConsultationPageTest with data: []
12:03:46.533 [Test worker] ERROR com.myAit.core.TestBase -- FAILED: allButtonsOnAccountingPageLeedsToCareerConsultationPageTest
12:03:46.533 [Test worker] INFO  com.myAit.core.TestBase -- Stop test
12:03:46.535 [Test worker] INFO  com.myAit.core.TestBase -- **************************************************
